<?xml version="1.0" encoding="UTF-8"?>
<robot generator="Robot 7.0.1 (Python 3.12.7 on win32)" generated="2024-10-01T16:57:25.926965" rpa="false" schemaversion="5">
<suite id="s1" name="Test" source="C:\Projects\gil-auto-main\gil-auto\tests\test.robot">
<kw name="Iniciar Sessão" owner="base" type="SETUP">
<kw name="Carrega os elementos do App" owner="base">
<kw name="Add Image Path" owner="SikuliLibrary">
<arg>${EXECDIR}\\resources\\elements</arg>
<doc>Add image path</doc>
<status status="PASS" start="2024-10-01T16:57:30.255606" elapsed="0.056846"/>
</kw>
<status status="PASS" start="2024-10-01T16:57:30.255606" elapsed="0.056846"/>
</kw>
<kw name="Wait For Image" owner="SikuliLibrary">
<msg time="2024-10-01T16:59:50.253930" level="INFO">[error] ImagePath: find: not there: not-button-ok.png
[error] ImagePath: find: not there: not-button-ok.png
[error] ImagePath: find: not there: not-button-ok.png
[error] ImagePath: find: not there: not-button-ok.png
[error] ImagePath: find: not there: not-button-ok.png
[error] ImagePath: find: not there: not-button-ok.png
[error] ImagePath: find: not there: not-button-ok.png
[error] ImagePath: find: not there: not-button-ok.png
[error] ImagePath: find: not there: not-button-ok.png
[error] ImagePath: find: not there: not-button-ok.png
[error] ImagePath: find: not there: not-button-ok.png
[error] ImagePath: find: not there: not-button-ok.png
[error] ImagePath: find: not there: not-button-ok.png
[error] ImagePath: find: not there: not-button-ok.png
[error] ImagePath: find: not there: not-button-ok.png
[error] ImagePath: find: not there: not-button-ok.png
[error] ImagePath: find: not there: not-button-ok.png
[error] ImagePath: find: not there: not-button-ok.png
[error] ImagePath: find: not there: not-button-ok.png
[error] ImagePath: find: not there: not-button-ok.png
[error] ImagePath: find: not there: not-button-ok.png
[error] ImagePath: find: not there: not-button-ok.png
[error] ImagePath: find: not there: not-button-ok.png
[error] ImagePath: find: not there: not-button-ok.png
[error] ImagePath: find: not there: not-button-ok.png
[error] ImagePath: find: not there: not-button-ok.png
[error] ImagePath: find: not there: not-button-ok.png
[error] ImagePath: find: not there: not-button-ok.png
[error] ImagePath: find: not there: not-button-ok.png
[error] ImagePath: find: not there: not-button-ok.png
[error] ImagePath: find: not there: not-button-ok.png
[error] ImagePath: find: not there: not-button-ok.png
[error] ImagePath: find: not there: not-button-ok.png
[error] ImagePath: find: not there: not-button-ok.png
[error] ImagePath: find: not there: not-button-ok.png
[error] ImagePath: find: not there: not-button-ok.png
[error] ImagePath: find: not there: not-button-ok.png
[error] ImagePath: find: not there: not-button-ok.png
[error] ImagePath: find: not there: not-button-ok.png
[error] ImagePath: find: not there: not-button-ok.png
[error] ImagePath: find: not there: not-button-ok.png
[error] ImagePath: find: not there: not-button-ok.png
[error] ImagePath: find: not there: not-button-ok.png
[error] ImagePath: find: not there: not-button-ok.png
[error] ImagePath: find: not there: not-button-ok.png
[error] ImagePath: find: not there: not-button-ok.png
[error] ImagePath: find: not there: not-button-ok.png
[error] ImagePath: find: not there: not-button-ok.png
[error] ImagePath: find: not there: not-button-ok.png
[error] ImagePath: find: not there: not-button-ok.png
[error] ImagePath: find: not there: not-button-ok.png
[error] ImagePath: find: not there: not-button-ok.png
[error] ImagePath: find: not there: not-button-ok.png
[error] ImagePath: find: not there: not-button-ok.png
[error] ImagePath: find: not there: not-button-ok.png
[error] ImagePath: find: not there: not-button-ok.png
[error] ImagePath: find: not there: not-button-ok.png
[error] ImagePath: find: not there: not-button-ok.png
[error] ImagePath: find: not there: not-button-ok.png
[error] ImagePath: find: not there: not-button-ok.png
[error] ImagePath: find: not there: not-button-ok.png
[error] ImagePath: find: not there: not-button-ok.png
[error] ImagePath: find: not there: not-button-ok.png
[error] ImagePath: find: not there: not-button-ok.png
[error] ImagePath: find: not there: not-button-ok.png
[error] ImagePath: find: not there: not-button-ok.png
[error] ImagePath: find: not there: not-button-ok.png
[error] ImagePath: find: not there: not-button-ok.png
[error] ImagePath: find: not there: not-button-ok.png
[error] ImagePath: find: not there: not-button-ok.png
[error] ImagePath: find: not there: not-button-ok.png
[error] ImagePath: find: not there: not-button-ok.png
[error] ImagePath: find: not there: not-button-ok.png
[error] ImagePath: find: not there: not-button-ok.png
[error] ImagePath: find: not there: not-button-ok.png
[error] ImagePath: find: not there: not-button-ok.png
[error] ImagePath: find: not there: not-button-ok.png
[error] ImagePath: find: not there: not-button-ok.png
[error] ImagePath: find: not there: not-button-ok.png
[error] ImagePath: find: not there: not-button-ok.png
[error] ImagePath: find: not there: not-button-ok.png
[error] ImagePath: find: not there: not-button-ok.png
[error] ImagePath: find: not there: not-button-ok.png
[error] ImagePath: find: not there: not-button-ok.png
[error] ImagePath: find: not there: not-button-ok.png
[error] ImagePath: find: not there: not-button-ok.png
[error] ImagePath: find: not there: not-button-ok.png
[error] ImagePath: find: not there: not-button-ok.png
[error] ImagePath: find: not there: not-button-ok.png
[error] ImagePath: find: not there: not-button-ok.png
[error] ImagePath: find: not there: not-button-ok.png
[error] ImagePath: find: not there: not-button-ok.png
[error] ImagePath: find: not there: not-button-ok.png
[error] ImagePath: find: not there: not-button-ok.png
[error] ImagePath: find: not there: not-button-ok.png
[error] ImagePath: find: not there: not-button-ok.png
[error] ImagePath: find: not there: not-button-ok.png
[error] ImagePath: find: not there: not-button-ok.png
[error] ImagePath: find: not there: not-button-ok.png
[error] ImagePath: find: not there: not-button-ok.png
[error] ImagePath: find: not there: not-button-ok.png
[error] ImagePath: find: not there: not-button-ok.png
[error] ImagePath: find: not there: not-button-ok.png
[error] ImagePath: find: not there: not-button-ok.png
[error] ImagePath: find: not there: not-button-ok.png
[error] ImagePath: find: not there: not-button-ok.png
[error] ImagePath: find: not there: not-button-ok.png
[error] ImagePath: find: not there: not-button-ok.png
[error] ImagePath: find: not there: not-button-ok.png
[error] ImagePath: find: not there: not-button-ok.png
[error] ImagePath: find: not there: not-button-ok.png
[error] ImagePath: find: not there: not-button-ok.png
[error] ImagePath: find: not there: not-button-ok.png
[error] ImagePath: find: not there: not-button-ok.png
[error] ImagePath: find: not there: not-button-ok.png
[error] ImagePath: find: not there: not-button-ok.png
[error] ImagePath: find: not there: not-button-ok.png
[error] ImagePath: find: not there: not-button-ok.png
[error] ImagePath: find: not there: not-button-ok.png
[error] ImagePath: find: not there: not-button-ok.png
[error] ImagePath: find: not there: not-button-ok.png
[error] ImagePath: find: not there: not-button-ok.png
[error] ImagePath: find: not there: not-button-ok.png
[error] ImagePath: find: not there: not-button-ok.png
[error] ImagePath: find: not there: not-button-ok.png
[error] ImagePath: find: not there: not-button-ok.png
[error] ImagePath: find: not there: not-button-ok.png
[error] ImagePath: find: not there: not-button-ok.png
[error] ImagePath: find: not there: not-button-ok.png
[error] ImagePath: find: not there: not-button-ok.png
[error] ImagePath: find: not there: not-button-ok.png
[error] ImagePath: find: not there: not-button-ok.png
[error] ImagePath: find: not there: not-button-ok.png
[error] ImagePath: find: not there: not-button-ok.png
[error] ImagePath: find: not there: not-button-ok.png
[error] ImagePath: find: not there: not-button-ok.png
[error] ImagePath: find: not there: not-button-ok.png
[error] ImagePath: find: not there: not-button-ok.png
[error] ImagePath: find: not there: not-button-ok.png
[error] ImagePath: find: not there: not-button-ok.png
[error] ImagePath: find: not there: not-button-ok.png
[error] ImagePath: find: not there: not-button-ok.png
[error] ImagePath: find: not there: not-button-ok.png
[error] ImagePath: find: not there: not-button-ok.png
[error] ImagePath: find: not there: not-button-ok.png
[error] ImagePath: find: not there: not-button-ok.png
[error] ImagePath: find: not there: not-button-ok.png
[error] ImagePath: find: not there: not-button-ok.png
[error] ImagePath: find: not there: not-button-ok.png
[error] ImagePath: find: not there: not-button-ok.png
[error] ImagePath: find: not there: not-button-ok.png
[error] ImagePath: find: not there: not-button-ok.png
[error] ImagePath: find: not there: not-button-ok.png
[error] ImagePath: find: not there: not-button-ok.png
[error] ImagePath: find: not there: not-button-ok.png
[error] ImagePath: find: not there: not-button-ok.png
[error] ImagePath: find: not there: not-button-ok.png
[error] ImagePath: find: not there: not-button-ok.png
[error] ImagePath: find: not there: not-button-ok.png
[error] ImagePath: find: not there: not-button-ok.png
[error] ImagePath: find: not there: not-button-ok.png
[error] ImagePath: find: not there: not-button-ok.png
[error] ImagePath: find: not there: not-button-ok.png
[error] ImagePath: find: not there: not-button-ok.png
[error] ImagePath: find: not there: not-button-ok.png
[error] ImagePath: find: not there: not-button-ok.png
[error] ImagePath: find: not there: not-button-ok.png
[error] ImagePath: find: not there: not-button-ok.png
[error] ImagePath: find: not there: not-button-ok.png
[error] ImagePath: find: not there: not-button-ok.png
[error] ImagePath: find: not there: not-button-ok.png
[error] ImagePath: find: not there: not-button-ok.png
[error] ImagePath: find: not there: not-button-ok.png
[error] ImagePath: find: not there: not-button-ok.png
[error] ImagePath: find: not there: not-button-ok.png
[error] ImagePath: find: not there: not-button-ok.png
[error] ImagePath: find: not there: not-button-ok.png
[error] ImagePath: find: not there: not-button-ok.png
[error] ImagePath: find: not there: not-button-ok.png
[error] ImagePath: find: not there: not-button-ok.png
[error] ImagePath: find: not there: not-button-ok.png
[error] ImagePath: find: not there: not-button-ok.png
[error] ImagePath: find: not there: not-button-ok.png
[error] ImagePath: find: not there: not-button-ok.png
[error] ImagePath: find: not there: not-button-ok.png
[error] ImagePath: find: not there: not-button-ok.png
[error] ImagePath: find: not there: not-button-ok.png
[error] ImagePath: find: not there: not-button-ok.png
[error] ImagePath: find: not there: not-button-ok.png
[error] ImagePath: find: not there: not-button-ok.png
[error] ImagePath: find: not there: not-button-ok.png
[error] ImagePath: find: not there: not-button-ok.png
[error] ImagePath: find: not there: not-button-ok.png
[error] ImagePath: find: not there: not-button-ok.png
[error] ImagePath: find: not there: not-button-ok.png
[error] ImagePath: find: not there: not-button-ok.png
[error] ImagePath: find: not there: not-button-ok.png
[error] ImagePath: find: not there: not-button-ok.png
[error] ImagePath: find: not there: not-button-ok.png
[error] ImagePath: find: not there: not-button-ok.png
[error] ImagePath: find: not there: not-button-ok.png
[error] ImagePath: find: not there: not-button-ok.png
[error] ImagePath: find: not there: not-button-ok.png
[error] ImagePath: find: not there: not-button-ok.png
[error] ImagePath: find: not there: not-button-ok.png
[error] ImagePath: find: not there: not-button-ok.png
[error] ImagePath: find: not there: not-button-ok.png
[error] ImagePath: find: not there: not-button-ok.png
[error] ImagePath: find: not there: not-button-ok.png
[error] ImagePath: find: not there: not-button-ok.png
[error] ImagePath: find: not there: not-button-ok.png</msg>
<arg>button-ok.png</arg>
<arg>not-button-ok.png</arg>
<arg>500</arg>
<doc>Wait For Image</doc>
<status status="PASS" start="2024-10-01T16:57:30.312452" elapsed="139.942475"/>
</kw>
<kw name="Click" owner="SikuliLibrary">
<msg time="2024-10-01T16:59:51.198042" level="INFO" html="true">&lt;img src='sikuli_captured/sikuliximage-1727812790433.png'/&gt;
[log] CLICK on L[684,482]@S(0) (596 msec)</msg>
<arg>button-ok.png</arg>
<doc>Click</doc>
<status status="PASS" start="2024-10-01T16:59:50.254927" elapsed="0.944121"/>
</kw>
<kw name="Click" owner="SikuliLibrary">
<msg time="2024-10-01T16:59:52.172253" level="INFO" html="true">&lt;img src='sikuli_captured/sikuliximage-1727812791402.png'/&gt;
[log] CLICK on L[705,746]@S(0) (579 msec)</msg>
<arg>icon-gil.png</arg>
<doc>Click</doc>
<status status="PASS" start="2024-10-01T16:59:51.199048" elapsed="0.973205"/>
</kw>
<status status="PASS" start="2024-10-01T16:57:30.255606" elapsed="141.917645"/>
</kw>
<test id="s1-t1" name="Login" line="10">
<kw name="Log" owner="BuiltIn">
<msg time="2024-10-01T16:59:52.185204" level="INFO">{'include': [], 'exclude': [], 'skip': [], 'skip_on_failure': []}</msg>
<arg>${OPTIONS}</arg>
<doc>Logs the given message with the given level.</doc>
<status status="PASS" start="2024-10-01T16:59:52.185204" elapsed="0.000996"/>
</kw>
<kw name="Finaliza Teste" owner="base" type="TEARDOWN">
<kw name="Capture Screen" owner="SikuliLibrary">
<msg time="2024-10-01T16:59:52.392614" level="INFO" html="true">&lt;img src='sikuli_captured/sikuliximage-1727812792262.png'/&gt;</msg>
<doc>Capture whole screen, file name is returned</doc>
<status status="PASS" start="2024-10-01T16:59:52.191189" elapsed="0.201425"/>
</kw>
<status status="PASS" start="2024-10-01T16:59:52.189193" elapsed="0.203421"/>
</kw>
<status status="PASS" start="2024-10-01T16:59:52.173251" elapsed="0.220361"/>
</test>
<kw name="Encerrar Sessão" owner="base" type="TEARDOWN">
<kw name="Stop Remote Server" owner="SikuliLibrary">
<msg time="2024-10-01T16:59:52.400725" level="INFO">Robot Framework remote server stopping</msg>
<doc>Stops the remote server.</doc>
<status status="PASS" start="2024-10-01T16:59:52.395611" elapsed="0.005114"/>
</kw>
<status status="PASS" start="2024-10-01T16:59:52.394610" elapsed="0.006115"/>
</kw>
<doc>Suite de teste</doc>
<status status="PASS" start="2024-10-01T16:57:25.930955" elapsed="146.470770"/>
</suite>
<statistics>
<total>
<stat pass="1" fail="0" skip="0">All Tests</stat>
</total>
<tag>
</tag>
<suite>
<stat pass="1" fail="0" skip="0" id="s1" name="Test">Test</stat>
</suite>
</statistics>
<errors>
</errors>
</robot>
